  [1m[36m (541.4ms)[0m  [1mCREATE TABLE "schema_migrations" ("version" varchar NOT NULL) [0m
  [1m[35m (0.5ms)[0m  select sqlite_version(*)
  [1m[36m (160.2ms)[0m  [1mCREATE UNIQUE INDEX "unique_schema_migrations" ON "schema_migrations" ("version")[0m
  [1m[35mActiveRecord::SchemaMigration Load (0.6ms)[0m  SELECT "schema_migrations".* FROM "schema_migrations"
Migrating to CreateEventos (20160224221149)
  [1m[36m (0.4ms)[0m  [1mbegin transaction[0m
  [1m[35m (2.4ms)[0m  CREATE TABLE "eventos" ("id" INTEGER PRIMARY KEY AUTOINCREMENT NOT NULL, "nome" varchar, "local" varchar, "inicio" datetime, "termino" datetime, "created_at" datetime NOT NULL, "updated_at" datetime NOT NULL) 
  [1m[36mSQL (0.4ms)[0m  [1mINSERT INTO "schema_migrations" ("version") VALUES (?)[0m  [["version", "20160224221149"]]
  [1m[35m (157.7ms)[0m  commit transaction
  [1m[36mActiveRecord::SchemaMigration Load (0.6ms)[0m  [1mSELECT "schema_migrations".* FROM "schema_migrations"[0m
  [1m[36mActiveRecord::SchemaMigration Load (0.4ms)[0m  [1mSELECT "schema_migrations".* FROM "schema_migrations"[0m
  [1m[35mActiveRecord::SchemaMigration Load (0.3ms)[0m  SELECT "schema_migrations".* FROM "schema_migrations"
  [1m[36mActiveRecord::SchemaMigration Load (0.6ms)[0m  [1mSELECT "schema_migrations".* FROM "schema_migrations"[0m
  [1m[35mActiveRecord::SchemaMigration Load (0.3ms)[0m  SELECT "schema_migrations".* FROM "schema_migrations"


Started GET "/eventos" for 127.0.0.1 at 2016-02-24 19:20:56 -0300
  [1m[36mActiveRecord::SchemaMigration Load (0.4ms)[0m  [1mSELECT "schema_migrations".* FROM "schema_migrations"[0m
Processing by EventosController#index as HTML
  [1m[35mEvento Load (0.4ms)[0m  SELECT "eventos".* FROM "eventos"
  Rendered eventos/index.html.erb within layouts/application (20.4ms)
Completed 200 OK in 6421ms (Views: 6315.9ms | ActiveRecord: 0.8ms)


Started GET "/assets/eventos.self-e3b0c44298fc1c149afbf4c8996fb92427ae41e4649b934ca495991b7852b855.css?body=1" for 127.0.0.1 at 2016-02-24 19:21:05 -0300


Started GET "/assets/scaffolds.self-f20ecf487c522aa58d0c43d837e1a87f47ebe7f4953b8a15c172cc3a7019b255.css?body=1" for 127.0.0.1 at 2016-02-24 19:21:05 -0300


Started GET "/assets/eventos.self-877aef30ae1b040ab8a3aba4e3e309a11d7f2612f44dde450b5c157aa5f95c05.js?body=1" for 127.0.0.1 at 2016-02-24 19:21:05 -0300


Started GET "/eventos/new" for 127.0.0.1 at 2016-02-24 19:21:14 -0300
Processing by EventosController#new as HTML
  Rendered eventos/_form.html.erb (138.7ms)
  Rendered eventos/new.html.erb within layouts/application (152.3ms)
Completed 200 OK in 426ms (Views: 374.6ms | ActiveRecord: 25.5ms)


Started POST "/eventos" for 127.0.0.1 at 2016-02-24 19:23:52 -0300
Processing by EventosController#create as HTML
  Parameters: {"utf8"=>"✓", "authenticity_token"=>"5gHhWYhR6ET8Ghg7vA/xecX2Y7taCykDp76HMvV7L55xDZsVi1SnowltyZ7/gZBvzbQu/KqW9CfSmNWSYZmwgg==", "evento"=>{"nome"=>"Aniversário de Maria", "local"=>"Natal - RN", "inicio(1i)"=>"2016", "inicio(2i)"=>"2", "inicio(3i)"=>"24", "inicio(4i)"=>"22", "inicio(5i)"=>"00", "termino(1i)"=>"2016", "termino(2i)"=>"2", "termino(3i)"=>"25", "termino(4i)"=>"00", "termino(5i)"=>"00"}, "commit"=>"Create Evento"}
  [1m[36m (0.3ms)[0m  [1mbegin transaction[0m
  [1m[35mSQL (1.2ms)[0m  INSERT INTO "eventos" ("nome", "local", "inicio", "termino", "created_at", "updated_at") VALUES (?, ?, ?, ?, ?, ?)  [["nome", "Aniversário de Maria"], ["local", "Natal - RN"], ["inicio", "2016-02-24 22:00:00.000000"], ["termino", "2016-02-25 00:00:00.000000"], ["created_at", "2016-02-24 22:23:52.511471"], ["updated_at", "2016-02-24 22:23:52.511471"]]
  [1m[36m (265.3ms)[0m  [1mcommit transaction[0m
Redirected to http://localhost:3000/eventos/1
Completed 302 Found in 352ms (ActiveRecord: 266.7ms)


Started GET "/eventos/1" for 127.0.0.1 at 2016-02-24 19:23:52 -0300
Processing by EventosController#show as HTML
  Parameters: {"id"=>"1"}
  [1m[35mEvento Load (7.1ms)[0m  SELECT  "eventos".* FROM "eventos" WHERE "eventos"."id" = ? LIMIT 1  [["id", 1]]
  Rendered eventos/show.html.erb within layouts/application (8.0ms)
Completed 200 OK in 297ms (Views: 253.0ms | ActiveRecord: 7.1ms)


Started GET "/eventos" for 127.0.0.1 at 2016-02-24 19:24:08 -0300
Processing by EventosController#index as HTML
  [1m[36mEvento Load (0.5ms)[0m  [1mSELECT "eventos".* FROM "eventos"[0m
  Rendered eventos/index.html.erb within layouts/application (16.5ms)
Completed 200 OK in 173ms (Views: 170.6ms | ActiveRecord: 0.5ms)


Started GET "/eventos/1/edit" for 127.0.0.1 at 2016-02-24 19:24:19 -0300
Processing by EventosController#edit as HTML
  Parameters: {"id"=>"1"}
  [1m[35mEvento Load (0.3ms)[0m  SELECT  "eventos".* FROM "eventos" WHERE "eventos"."id" = ? LIMIT 1  [["id", 1]]
  Rendered eventos/_form.html.erb (33.7ms)
  Rendered eventos/edit.html.erb within layouts/application (39.0ms)
Completed 200 OK in 202ms (Views: 198.1ms | ActiveRecord: 0.3ms)


Started GET "/eventos" for 127.0.0.1 at 2016-02-24 19:24:22 -0300
Processing by EventosController#index as HTML
  [1m[36mEvento Load (0.5ms)[0m  [1mSELECT "eventos".* FROM "eventos"[0m
  Rendered eventos/index.html.erb within layouts/application (16.1ms)
Completed 200 OK in 145ms (Views: 138.7ms | ActiveRecord: 0.5ms)


Started GET "/eventos/1" for 127.0.0.1 at 2016-02-24 19:24:24 -0300
Processing by EventosController#show as HTML
  Parameters: {"id"=>"1"}
  [1m[35mEvento Load (0.3ms)[0m  SELECT  "eventos".* FROM "eventos" WHERE "eventos"."id" = ? LIMIT 1  [["id", 1]]
  Rendered eventos/show.html.erb within layouts/application (2.9ms)
Completed 200 OK in 124ms (Views: 121.3ms | ActiveRecord: 0.3ms)


Started GET "/eventos" for 127.0.0.1 at 2016-02-24 19:24:28 -0300
Processing by EventosController#index as HTML
  [1m[36mEvento Load (3.4ms)[0m  [1mSELECT "eventos".* FROM "eventos"[0m
  Rendered eventos/index.html.erb within layouts/application (12.7ms)
Completed 200 OK in 120ms (Views: 115.3ms | ActiveRecord: 3.4ms)


Started GET "/eventos/new" for 127.0.0.1 at 2016-02-24 19:31:01 -0300
Processing by EventosController#new as HTML
  Rendered eventos/_form.html.erb (23.4ms)
  Rendered eventos/new.html.erb within layouts/application (30.9ms)
Completed 200 OK in 289ms (Views: 280.5ms | ActiveRecord: 0.0ms)


Started GET "/eventos/" for 127.0.0.1 at 2016-02-24 19:33:25 -0300
Processing by EventosController#index as HTML
  [1m[35mEvento Load (0.5ms)[0m  SELECT "eventos".* FROM "eventos"
  Rendered eventos/index.html.erb within layouts/application (14.9ms)
Completed 200 OK in 229ms (Views: 227.4ms | ActiveRecord: 0.5ms)


Started GET "/eventos/new" for 127.0.0.1 at 2016-02-24 19:33:32 -0300
Processing by EventosController#new as HTML
  Rendered eventos/_form.html.erb (28.8ms)
  Rendered eventos/new.html.erb within layouts/application (36.1ms)
Completed 200 OK in 170ms (Views: 165.4ms | ActiveRecord: 0.0ms)


Started GET "/eventos" for 127.0.0.1 at 2016-02-24 19:34:20 -0300
Processing by EventosController#index as HTML
  [1m[36mEvento Load (0.5ms)[0m  [1mSELECT "eventos".* FROM "eventos"[0m
  Rendered eventos/index.html.erb within layouts/application (7.1ms)
Completed 200 OK in 141ms (Views: 138.3ms | ActiveRecord: 0.5ms)


Started GET "/eventos" for 127.0.0.1 at 2016-02-24 19:34:22 -0300
Processing by EventosController#index as HTML
  [1m[35mEvento Load (0.4ms)[0m  SELECT "eventos".* FROM "eventos"
  Rendered eventos/index.html.erb within layouts/application (15.4ms)
Completed 200 OK in 224ms (Views: 218.4ms | ActiveRecord: 0.4ms)


Started GET "/eventos/new" for 127.0.0.1 at 2016-02-24 19:34:26 -0300
Processing by EventosController#new as HTML
  Rendered eventos/_form.html.erb (35.0ms)
  Rendered eventos/new.html.erb within layouts/application (38.6ms)
Completed 200 OK in 187ms (Views: 181.0ms | ActiveRecord: 0.0ms)
